 0 : S := S + 'EOF expected';
 1 : S := S + 'ident expected';
 2 : S := S + 'number expected';
 3 : S := S + '_string expected';
 4 : S := S + 'float expected';
 5 : S := S + 'hexnumber expected';
 6 : S := S + 'charnumber expected';
 7 : S := S + '"UNIT" expected';
 8 : S := S + '";" expected';
 9 : S := S + '"INTERFACE" expected';
 10 : S := S + '"TYPE" expected';
 11 : S := S + '"=" expected';
 12 : S := S + '".." expected';
 13 : S := S + '"DISPINTERFACE" expected';
 14 : S := S + '"END" expected';
 15 : S := S + '"[" expected';
 16 : S := S + '"]" expected';
 17 : S := S + '"(" expected';
 18 : S := S + '")" expected';
 19 : S := S + '"PRIVATE" expected';
 20 : S := S + '"PROTECTED" expected';
 21 : S := S + '"PUBLIC" expected';
 22 : S := S + '"PUBLISHED" expected';
 23 : S := S + '"INDEX" expected';
 24 : S := S + '"READ" expected';
 25 : S := S + '"." expected';
 26 : S := S + '"WRITE" expected';
 27 : S := S + '"STORED" expected';
 28 : S := S + '"DEFAULT" expected';
 29 : S := S + '"NODEFAULT" expected';
 30 : S := S + '"IMPLEMENTS" expected';
 31 : S := S + '"," expected';
 32 : S := S + '":" expected';
 33 : S := S + '"PROPERTY" expected';
 34 : S := S + '"DISPID" expected';
 35 : S := S + '"CLASS" expected';
 36 : S := S + '"ABSTRACT" expected';
 37 : S := S + '"PACKED" expected';
 38 : S := S + '"ARRAY" expected';
 39 : S := S + '"OF" expected';
 40 : S := S + '"CONST" expected';
 41 : S := S + '"RECORD" expected';
 42 : S := S + '"CASE" expected';
 43 : S := S + '"SET" expected';
 44 : S := S + '"FILE" expected';
 45 : S := S + '"^" expected';
 46 : S := S + '"CONSTRUCTOR" expected';
 47 : S := S + '"DESTRUCTOR" expected';
 48 : S := S + '"PLATFORM" expected';
 49 : S := S + '"OBJECT" expected';
 50 : S := S + '"SYSTEM" expected';
 51 : S := S + '"DEPRECATED" expected';
 52 : S := S + '"OR" expected';
 53 : S := S + '"AND" expected';
 54 : S := S + '"+" expected';
 55 : S := S + '"-" expected';
 56 : S := S + '"VAR" expected';
 57 : S := S + '"ABSOLUTE" expected';
 58 : S := S + '"@" expected';
 59 : S := S + '"PROCEDURE" expected';
 60 : S := S + '"REGISTER" expected';
 61 : S := S + '"FUNCTION" expected';
 62 : S := S + '"STDCALL" expected';
 63 : S := S + '"CDECL" expected';
 64 : S := S + '"OUT" expected';
 65 : S := S + '"VARIANT" expected';
 66 : S := S + '"OLEVARIANT" expected';
 67 : S := S + '"STRING" expected';
 68 : S := S + '"ANSISTRING" expected';
 69 : S := S + '"WIDESTRING" expected';
 70 : S := S + '"XOR" expected';
 71 : S := S + '"*" expected';
 72 : S := S + '"/" expected';
 73 : S := S + '"DIV" expected';
 74 : S := S + '"MOD" expected';
 75 : S := S + '"SHL" expected';
 76 : S := S + '"SHR" expected';
 77 : S := S + '"SIZEOF" expected';
 78 : S := S + '"SHORTINT" expected';
 79 : S := S + '"SMALLINT" expected';
 80 : S := S + '"INTEGER" expected';
 81 : S := S + '"BYTE" expected';
 82 : S := S + '"LONGINT" expected';
 83 : S := S + '"INT64" expected';
 84 : S := S + '"WORD" expected';
 85 : S := S + '"BOOLEAN" expected';
 86 : S := S + '"CHAR" expected';
 87 : S := S + '"WIDECHAR" expected';
 88 : S := S + '"PCHAR" expected';
 89 : S := S + '"HRESULT" expected';
 90 : S := S + '"REAL48" expected';
 91 : S := S + '"REAL" expected';
 92 : S := S + '"SINGLE" expected';
 93 : S := S + '"DOUBLE" expected';
 94 : S := S + '"EXTENDED" expected';
 95 : S := S + '"CURRENCY" expected';
 96 : S := S + '"COMP" expected';
 97 : S := S + '"DYNAMIC" expected';
 98 : S := S + '"VIRTUAL" expected';
 99 : S := S + '"EXPORT" expected';
 100 : S := S + '"EXTERNAL" expected';
 101 : S := S + '"FAR" expected';
 102 : S := S + '"FORWARD" expected';
 103 : S := S + '"MESSAGE" expected';
 104 : S := S + '"OVERRIDE" expected';
 105 : S := S + '"OVERLOAD" expected';
 106 : S := S + '"PASCAL" expected';
 107 : S := S + '"REINTRODUCE" expected';
 108 : S := S + '"SAFECALL" expected';
 109 : S := S + '"READONLY" expected';
 110 : S := S + '"WRITEONLY" expected';
 111 : S := S + '"ORD" expected';
 112 : S := S + '"NOT" expected';
 113 : S := S + '"IMPLEMENTATION" expected';
 114 : S := S + '"USES" expected';
 115 : S := S + '"LOW" expected';
 116 : S := S + '"HIGH" expected';
 117 : S := S + '"RESOURCESTRING" expected';
 118 : S := S + '"#" expected';
 119 : S := S + '"ULPROPID" expected';
 120 : S := S + '"GUID" expected';
 121 : S := S + '"UGUID" expected';
 122 : S := S + '"EKIND" expected';
 123 : S := S + '"UNAME" expected';
 124 : S := S + '"D1" expected';
 125 : S := S + '"D2" expected';
 126 : S := S + '"D3" expected';
 127 : S := S + '"D4" expected';
 128 : S := S + 'not expected';
 129 : S := S + 'invalid ReusableWords';
 130 : S := S + 'invalid TypedConstantBody';
 131 : S := S + 'invalid TypedConstantBody';
 132 : S := S + 'invalid TypedConstantBody';
 133 : S := S + 'invalid TypedConstantBody';
 134 : S := S + 'invalid GUIDDef';
 135 : S := S + 'invalid ConstantDecl';
 136 : S := S + 'invalid ConstantDecl';
 137 : S := S + 'invalid ConstantDecl';
 138 : S := S + 'invalid EnumeratedTypeElement';
 139 : S := S + 'invalid EnumeratedTypeElement';
 140 : S := S + 'invalid Parameter';
 141 : S := S + 'invalid TypedConstant';
 142 : S := S + 'invalid String';
 143 : S := S + 'invalid NumberList';
 144 : S := S + 'invalid IdentTypes';
 145 : S := S + 'invalid IdentTypes';
 146 : S := S + 'invalid IdentTypes';
 147 : S := S + 'invalid VariantType';
 148 : S := S + 'invalid ProcedureType';
 149 : S := S + 'invalid StringType';
 150 : S := S + 'invalid RealType';
 151 : S := S + 'invalid OrdIdent';
 152 : S := S + 'invalid FormalParameters';
 153 : S := S + 'invalid VarDecl';
 154 : S := S + 'invalid RecField';
 155 : S := S + 'invalid RecField';
 156 : S := S + 'invalid CaseItem';
 157 : S := S + 'invalid CaseItem';
 158 : S := S + 'invalid RecItem';
 159 : S := S + 'invalid RecItem';
 160 : S := S + 'invalid MulOp';
 161 : S := S + 'invalid AddOp';
 162 : S := S + 'invalid Number';
 163 : S := S + 'invalid ConstantDeclBody';
 164 : S := S + 'invalid RecType';
 165 : S := S + 'invalid SetType';
 166 : S := S + 'invalid ArrayType';
 167 : S := S + 'invalid ArrayType';
 168 : S := S + 'invalid ArrayType';
 169 : S := S + 'invalid ArrayType';
 170 : S := S + 'invalid StrucType';
 171 : S := S + 'invalid FunctionHeading';
 172 : S := S + 'invalid ProcedureHeading';
 173 : S := S + 'invalid ProcedureHeading';
 174 : S := S + 'invalid MethodHeading';
 175 : S := S + 'invalid AccessSettings';
 176 : S := S + 'invalid Property';
 177 : S := S + 'invalid Type';
 178 : S := S + 'invalid PropertySpecifiers';
 179 : S := S + 'invalid IdentList';
 180 : S := S + 'invalid IdentList';
 181 : S := S + 'invalid InterfaceType';
 182 : S := S + 'invalid ConstExpr';
 183 : S := S + 'invalid ConstExpr';
 184 : S := S + 'invalid ConstExpr';
 185 : S := S + 'invalid ConstExpr';
 186 : S := S + 'invalid ConstExpr';
 187 : S := S + 'invalid ConstExpr';
 188 : S := S + 'invalid ConstExpr';
 189 : S := S + 'invalid NumberTypes';
 190 : S := S + 'invalid ClassTypeGroup';
 191 : S := S + 'invalid RestrictedType';
 192 : S := S + 'invalid TypeId';
 193 : S := S + 'invalid TypeDecl';
 194 : S := S + 'invalid TypeDecl';
 195 : S := S + 'invalid ExportedHeading';
 196 : S := S + 'invalid InterfaceDecl';
 197 : S := S + 'invalid Directive';
 198 : S := S + 'invalid BadNames';
 199 : S := S + 'invalid Ident';
 200 : S := S + 'invalid Unit';

